<?xml version="1.0" encoding="UTF-8" ?>
<testsuite failures="0" time="1.434" errors="0" skipped="0" tests="7" name="TestSuite">
  <properties>
    <property name="java.runtime.name" value="Java(TM) SE Runtime Environment"/>
    <property name="sun.boot.library.path" value="D:\Program Files\Java\jdk1.7.0_80\jre\bin"/>
    <property name="java.vm.version" value="24.80-b11"/>
    <property name="java.vm.vendor" value="Oracle Corporation"/>
    <property name="java.vendor.url" value="http://java.oracle.com/"/>
    <property name="path.separator" value=";"/>
    <property name="java.vm.name" value="Java HotSpot(TM) 64-Bit Server VM"/>
    <property name="file.encoding.pkg" value="sun.io"/>
    <property name="user.script" value=""/>
    <property name="user.country" value="CN"/>
    <property name="sun.java.launcher" value="SUN_STANDARD"/>
    <property name="sun.os.patch.level" value="Service Pack 1"/>
    <property name="java.vm.specification.name" value="Java Virtual Machine Specification"/>
    <property name="user.dir" value="D:\mavendaima\testNGDemo"/>
    <property name="java.runtime.version" value="1.7.0_80-b15"/>
    <property name="java.awt.graphicsenv" value="sun.awt.Win32GraphicsEnvironment"/>
    <property name="basedir" value="D:\mavendaima\testNGDemo"/>
    <property name="java.endorsed.dirs" value="D:\Program Files\Java\jdk1.7.0_80\jre\lib\endorsed"/>
    <property name="os.arch" value="amd64"/>
    <property name="surefire.real.class.path" value="C:\Users\ADMINI~1\AppData\Local\Temp\surefirebooter4249921305642382416.jar"/>
    <property name="java.io.tmpdir" value="C:\Users\ADMINI~1\AppData\Local\Temp\"/>
    <property name="line.separator" value="
"/>
    <property name="java.vm.specification.vendor" value="Oracle Corporation"/>
    <property name="user.variant" value=""/>
    <property name="os.name" value="Windows 7"/>
    <property name="sun.jnu.encoding" value="GBK"/>
    <property name="java.library.path" value="D:\Program Files\Java\jdk1.7.0_80\jre\bin;C:\Windows\Sun\Java\bin;C:\Windows\system32;C:\Windows;C:\ProgramData\Oracle\Java\javapath;D:\maven\maven-3.0.5\bin;C:\Program Files (x86)\Common Files\NetSarang;C:\Program Files (x86)\HP\NV\lib\shunra\vcat;F:\app\Administrator\product\11.2.0\dbhome_1\bin;C:\Windows\system32;C:\Windows;C:\Windows\System32\Wbem;C:\Windows\System32\WindowsPowerShell\v1.0\;D:\Program Files\Java\jdk1.7.0_80\bin;D:\Program Files\Java\jdk1.7.0_80\jre\bin;D:\apache-maven-3.3.3\bin;D:\Users\Administrator\AppData\Local\Programs\Python;C:\Program Files (x86)\HP\LoadRunner\strawberry-perl\perl\bin;C:\Program Files (x86)\HP\NV\lib\thirdparty\safenet\LDK\7.0;C:\Program Files (x86)\HP\NV\lib\shunra\snv;D:\Users\Administrator\AppData\Local\Programs\Python\Python36\Scripts\;D:\Users\Administrator\AppData\Local\Programs\Python\Python36\;D:\Fiddler;."/>
    <property name="surefire.test.class.path" value="D:\mavendaima\testNGDemo\target\test-classes;D:\mavendaima\testNGDemo\target\classes;D:\maven\cangkuyilaibao\cangkuyilaibao\userlib\org\testng\testng\6.9.10\testng-6.9.10.jar;D:\maven\cangkuyilaibao\cangkuyilaibao\userlib\com\beust\jcommander\1.48\jcommander-1.48.jar;D:\maven\cangkuyilaibao\cangkuyilaibao\userlib\org\beanshell\bsh\2.0b4\bsh-2.0b4.jar;D:\maven\cangkuyilaibao\cangkuyilaibao\userlib\org\seleniumhq\selenium\selenium-java\2.48.2\selenium-java-2.48.2.jar;D:\maven\cangkuyilaibao\cangkuyilaibao\userlib\org\seleniumhq\selenium\selenium-chrome-driver\2.48.2\selenium-chrome-driver-2.48.2.jar;D:\maven\cangkuyilaibao\cangkuyilaibao\userlib\org\seleniumhq\selenium\selenium-remote-driver\2.48.2\selenium-remote-driver-2.48.2.jar;D:\maven\cangkuyilaibao\cangkuyilaibao\userlib\cglib\cglib-nodep\2.1_3\cglib-nodep-2.1_3.jar;D:\maven\cangkuyilaibao\cangkuyilaibao\userlib\com\google\code\gson\gson\2.3.1\gson-2.3.1.jar;D:\maven\cangkuyilaibao\cangkuyilaibao\userlib\org\seleniumhq\selenium\selenium-api\2.48.2\selenium-api-2.48.2.jar;D:\maven\cangkuyilaibao\cangkuyilaibao\userlib\com\google\guava\guava\18.0\guava-18.0.jar;D:\maven\cangkuyilaibao\cangkuyilaibao\userlib\org\seleniumhq\selenium\selenium-edge-driver\2.48.2\selenium-edge-driver-2.48.2.jar;D:\maven\cangkuyilaibao\cangkuyilaibao\userlib\commons-io\commons-io\2.4\commons-io-2.4.jar;D:\maven\cangkuyilaibao\cangkuyilaibao\userlib\org\apache\commons\commons-exec\1.3\commons-exec-1.3.jar;D:\maven\cangkuyilaibao\cangkuyilaibao\userlib\org\seleniumhq\selenium\selenium-htmlunit-driver\2.48.2\selenium-htmlunit-driver-2.48.2.jar;D:\maven\cangkuyilaibao\cangkuyilaibao\userlib\net\sourceforge\htmlunit\htmlunit\2.18\htmlunit-2.18.jar;D:\maven\cangkuyilaibao\cangkuyilaibao\userlib\xalan\xalan\2.7.2\xalan-2.7.2.jar;D:\maven\cangkuyilaibao\cangkuyilaibao\userlib\xalan\serializer\2.7.2\serializer-2.7.2.jar;D:\maven\cangkuyilaibao\cangkuyilaibao\userlib\commons-collections\commons-collections\3.2.1\commons-collections-3.2.1.jar;D:\maven\cangkuyilaibao\cangkuyilaibao\userlib\org\apache\commons\commons-lang3\3.4\commons-lang3-3.4.jar;D:\maven\cangkuyilaibao\cangkuyilaibao\userlib\org\apache\httpcomponents\httpmime\4.5\httpmime-4.5.jar;D:\maven\cangkuyilaibao\cangkuyilaibao\userlib\commons-codec\commons-codec\1.10\commons-codec-1.10.jar;D:\maven\cangkuyilaibao\cangkuyilaibao\userlib\net\sourceforge\htmlunit\htmlunit-core-js\2.17\htmlunit-core-js-2.17.jar;D:\maven\cangkuyilaibao\cangkuyilaibao\userlib\xerces\xercesImpl\2.11.0\xercesImpl-2.11.0.jar;D:\maven\cangkuyilaibao\cangkuyilaibao\userlib\xml-apis\xml-apis\1.4.01\xml-apis-1.4.01.jar;D:\maven\cangkuyilaibao\cangkuyilaibao\userlib\net\sourceforge\nekohtml\nekohtml\1.9.22\nekohtml-1.9.22.jar;D:\maven\cangkuyilaibao\cangkuyilaibao\userlib\net\sourceforge\cssparser\cssparser\0.9.16\cssparser-0.9.16.jar;D:\maven\cangkuyilaibao\cangkuyilaibao\userlib\org\w3c\css\sac\1.3\sac-1.3.jar;D:\maven\cangkuyilaibao\cangkuyilaibao\userlib\commons-logging\commons-logging\1.2\commons-logging-1.2.jar;D:\maven\cangkuyilaibao\cangkuyilaibao\userlib\org\eclipse\jetty\websocket\websocket-client\9.2.12.v20150709\websocket-client-9.2.12.v20150709.jar;D:\maven\cangkuyilaibao\cangkuyilaibao\userlib\org\eclipse\jetty\jetty-util\9.2.12.v20150709\jetty-util-9.2.12.v20150709.jar;D:\maven\cangkuyilaibao\cangkuyilaibao\userlib\org\eclipse\jetty\jetty-io\9.2.12.v20150709\jetty-io-9.2.12.v20150709.jar;D:\maven\cangkuyilaibao\cangkuyilaibao\userlib\org\eclipse\jetty\websocket\websocket-common\9.2.12.v20150709\websocket-common-9.2.12.v20150709.jar;D:\maven\cangkuyilaibao\cangkuyilaibao\userlib\org\eclipse\jetty\websocket\websocket-api\9.2.12.v20150709\websocket-api-9.2.12.v20150709.jar;D:\maven\cangkuyilaibao\cangkuyilaibao\userlib\org\apache\httpcomponents\httpclient\4.5.1\httpclient-4.5.1.jar;D:\maven\cangkuyilaibao\cangkuyilaibao\userlib\org\apache\httpcomponents\httpcore\4.4.3\httpcore-4.4.3.jar;D:\maven\cangkuyilaibao\cangkuyilaibao\userlib\org\seleniumhq\selenium\selenium-firefox-driver\2.48.2\selenium-firefox-driver-2.48.2.jar;D:\maven\cangkuyilaibao\cangkuyilaibao\userlib\org\seleniumhq\selenium\selenium-ie-driver\2.48.2\selenium-ie-driver-2.48.2.jar;D:\maven\cangkuyilaibao\cangkuyilaibao\userlib\net\java\dev\jna\jna\4.1.0\jna-4.1.0.jar;D:\maven\cangkuyilaibao\cangkuyilaibao\userlib\net\java\dev\jna\jna-platform\4.1.0\jna-platform-4.1.0.jar;D:\maven\cangkuyilaibao\cangkuyilaibao\userlib\org\seleniumhq\selenium\selenium-safari-driver\2.48.2\selenium-safari-driver-2.48.2.jar;D:\maven\cangkuyilaibao\cangkuyilaibao\userlib\org\seleniumhq\selenium\selenium-support\2.48.2\selenium-support-2.48.2.jar;D:\maven\cangkuyilaibao\cangkuyilaibao\userlib\org\webbitserver\webbit\0.4.14\webbit-0.4.14.jar;D:\maven\cangkuyilaibao\cangkuyilaibao\userlib\io\netty\netty\3.5.2.Final\netty-3.5.2.Final.jar;D:\maven\cangkuyilaibao\cangkuyilaibao\userlib\org\seleniumhq\selenium\selenium-leg-rc\2.48.2\selenium-leg-rc-2.48.2.jar;D:\maven\cangkuyilaibao\cangkuyilaibao\userlib\log4j\log4j\1.2.16\log4j-1.2.16.jar;"/>
    <property name="java.specification.name" value="Java Platform API Specification"/>
    <property name="java.class.version" value="51.0"/>
    <property name="sun.management.compiler" value="HotSpot 64-Bit Tiered Compilers"/>
    <property name="os.version" value="6.1"/>
    <property name="user.home" value="C:\Users\Administrator"/>
    <property name="user.timezone" value="Asia/Shanghai"/>
    <property name="java.awt.printerjob" value="sun.awt.windows.WPrinterJob"/>
    <property name="java.specification.version" value="1.7"/>
    <property name="file.encoding" value="GBK"/>
    <property name="user.name" value="Administrator"/>
    <property name="java.class.path" value="D:\mavendaima\testNGDemo\target\test-classes;D:\mavendaima\testNGDemo\target\classes;D:\maven\cangkuyilaibao\cangkuyilaibao\userlib\org\testng\testng\6.9.10\testng-6.9.10.jar;D:\maven\cangkuyilaibao\cangkuyilaibao\userlib\com\beust\jcommander\1.48\jcommander-1.48.jar;D:\maven\cangkuyilaibao\cangkuyilaibao\userlib\org\beanshell\bsh\2.0b4\bsh-2.0b4.jar;D:\maven\cangkuyilaibao\cangkuyilaibao\userlib\org\seleniumhq\selenium\selenium-java\2.48.2\selenium-java-2.48.2.jar;D:\maven\cangkuyilaibao\cangkuyilaibao\userlib\org\seleniumhq\selenium\selenium-chrome-driver\2.48.2\selenium-chrome-driver-2.48.2.jar;D:\maven\cangkuyilaibao\cangkuyilaibao\userlib\org\seleniumhq\selenium\selenium-remote-driver\2.48.2\selenium-remote-driver-2.48.2.jar;D:\maven\cangkuyilaibao\cangkuyilaibao\userlib\cglib\cglib-nodep\2.1_3\cglib-nodep-2.1_3.jar;D:\maven\cangkuyilaibao\cangkuyilaibao\userlib\com\google\code\gson\gson\2.3.1\gson-2.3.1.jar;D:\maven\cangkuyilaibao\cangkuyilaibao\userlib\org\seleniumhq\selenium\selenium-api\2.48.2\selenium-api-2.48.2.jar;D:\maven\cangkuyilaibao\cangkuyilaibao\userlib\com\google\guava\guava\18.0\guava-18.0.jar;D:\maven\cangkuyilaibao\cangkuyilaibao\userlib\org\seleniumhq\selenium\selenium-edge-driver\2.48.2\selenium-edge-driver-2.48.2.jar;D:\maven\cangkuyilaibao\cangkuyilaibao\userlib\commons-io\commons-io\2.4\commons-io-2.4.jar;D:\maven\cangkuyilaibao\cangkuyilaibao\userlib\org\apache\commons\commons-exec\1.3\commons-exec-1.3.jar;D:\maven\cangkuyilaibao\cangkuyilaibao\userlib\org\seleniumhq\selenium\selenium-htmlunit-driver\2.48.2\selenium-htmlunit-driver-2.48.2.jar;D:\maven\cangkuyilaibao\cangkuyilaibao\userlib\net\sourceforge\htmlunit\htmlunit\2.18\htmlunit-2.18.jar;D:\maven\cangkuyilaibao\cangkuyilaibao\userlib\xalan\xalan\2.7.2\xalan-2.7.2.jar;D:\maven\cangkuyilaibao\cangkuyilaibao\userlib\xalan\serializer\2.7.2\serializer-2.7.2.jar;D:\maven\cangkuyilaibao\cangkuyilaibao\userlib\commons-collections\commons-collections\3.2.1\commons-collections-3.2.1.jar;D:\maven\cangkuyilaibao\cangkuyilaibao\userlib\org\apache\commons\commons-lang3\3.4\commons-lang3-3.4.jar;D:\maven\cangkuyilaibao\cangkuyilaibao\userlib\org\apache\httpcomponents\httpmime\4.5\httpmime-4.5.jar;D:\maven\cangkuyilaibao\cangkuyilaibao\userlib\commons-codec\commons-codec\1.10\commons-codec-1.10.jar;D:\maven\cangkuyilaibao\cangkuyilaibao\userlib\net\sourceforge\htmlunit\htmlunit-core-js\2.17\htmlunit-core-js-2.17.jar;D:\maven\cangkuyilaibao\cangkuyilaibao\userlib\xerces\xercesImpl\2.11.0\xercesImpl-2.11.0.jar;D:\maven\cangkuyilaibao\cangkuyilaibao\userlib\xml-apis\xml-apis\1.4.01\xml-apis-1.4.01.jar;D:\maven\cangkuyilaibao\cangkuyilaibao\userlib\net\sourceforge\nekohtml\nekohtml\1.9.22\nekohtml-1.9.22.jar;D:\maven\cangkuyilaibao\cangkuyilaibao\userlib\net\sourceforge\cssparser\cssparser\0.9.16\cssparser-0.9.16.jar;D:\maven\cangkuyilaibao\cangkuyilaibao\userlib\org\w3c\css\sac\1.3\sac-1.3.jar;D:\maven\cangkuyilaibao\cangkuyilaibao\userlib\commons-logging\commons-logging\1.2\commons-logging-1.2.jar;D:\maven\cangkuyilaibao\cangkuyilaibao\userlib\org\eclipse\jetty\websocket\websocket-client\9.2.12.v20150709\websocket-client-9.2.12.v20150709.jar;D:\maven\cangkuyilaibao\cangkuyilaibao\userlib\org\eclipse\jetty\jetty-util\9.2.12.v20150709\jetty-util-9.2.12.v20150709.jar;D:\maven\cangkuyilaibao\cangkuyilaibao\userlib\org\eclipse\jetty\jetty-io\9.2.12.v20150709\jetty-io-9.2.12.v20150709.jar;D:\maven\cangkuyilaibao\cangkuyilaibao\userlib\org\eclipse\jetty\websocket\websocket-common\9.2.12.v20150709\websocket-common-9.2.12.v20150709.jar;D:\maven\cangkuyilaibao\cangkuyilaibao\userlib\org\eclipse\jetty\websocket\websocket-api\9.2.12.v20150709\websocket-api-9.2.12.v20150709.jar;D:\maven\cangkuyilaibao\cangkuyilaibao\userlib\org\apache\httpcomponents\httpclient\4.5.1\httpclient-4.5.1.jar;D:\maven\cangkuyilaibao\cangkuyilaibao\userlib\org\apache\httpcomponents\httpcore\4.4.3\httpcore-4.4.3.jar;D:\maven\cangkuyilaibao\cangkuyilaibao\userlib\org\seleniumhq\selenium\selenium-firefox-driver\2.48.2\selenium-firefox-driver-2.48.2.jar;D:\maven\cangkuyilaibao\cangkuyilaibao\userlib\org\seleniumhq\selenium\selenium-ie-driver\2.48.2\selenium-ie-driver-2.48.2.jar;D:\maven\cangkuyilaibao\cangkuyilaibao\userlib\net\java\dev\jna\jna\4.1.0\jna-4.1.0.jar;D:\maven\cangkuyilaibao\cangkuyilaibao\userlib\net\java\dev\jna\jna-platform\4.1.0\jna-platform-4.1.0.jar;D:\maven\cangkuyilaibao\cangkuyilaibao\userlib\org\seleniumhq\selenium\selenium-safari-driver\2.48.2\selenium-safari-driver-2.48.2.jar;D:\maven\cangkuyilaibao\cangkuyilaibao\userlib\org\seleniumhq\selenium\selenium-support\2.48.2\selenium-support-2.48.2.jar;D:\maven\cangkuyilaibao\cangkuyilaibao\userlib\org\webbitserver\webbit\0.4.14\webbit-0.4.14.jar;D:\maven\cangkuyilaibao\cangkuyilaibao\userlib\io\netty\netty\3.5.2.Final\netty-3.5.2.Final.jar;D:\maven\cangkuyilaibao\cangkuyilaibao\userlib\org\seleniumhq\selenium\selenium-leg-rc\2.48.2\selenium-leg-rc-2.48.2.jar;D:\maven\cangkuyilaibao\cangkuyilaibao\userlib\log4j\log4j\1.2.16\log4j-1.2.16.jar;"/>
    <property name="java.vm.specification.version" value="1.7"/>
    <property name="sun.arch.data.model" value="64"/>
    <property name="java.home" value="D:\Program Files\Java\jdk1.7.0_80\jre"/>
    <property name="sun.java.command" value="C:\Users\ADMINI~1\AppData\Local\Temp\surefirebooter4249921305642382416.jar C:\Users\ADMINI~1\AppData\Local\Temp\surefire3437160555072874996tmp C:\Users\ADMINI~1\AppData\Local\Temp\surefire2150432230804674779tmp"/>
    <property name="java.specification.vendor" value="Oracle Corporation"/>
    <property name="user.language" value="zh"/>
    <property name="awt.toolkit" value="sun.awt.windows.WToolkit"/>
    <property name="java.vm.info" value="mixed mode"/>
    <property name="java.version" value="1.7.0_80"/>
    <property name="java.ext.dirs" value="D:\Program Files\Java\jdk1.7.0_80\jre\lib\ext;C:\Windows\Sun\Java\lib\ext"/>
    <property name="sun.boot.class.path" value="D:\Program Files\Java\jdk1.7.0_80\jre\lib\resources.jar;D:\Program Files\Java\jdk1.7.0_80\jre\lib\rt.jar;D:\Program Files\Java\jdk1.7.0_80\jre\lib\sunrsasign.jar;D:\Program Files\Java\jdk1.7.0_80\jre\lib\jsse.jar;D:\Program Files\Java\jdk1.7.0_80\jre\lib\jce.jar;D:\Program Files\Java\jdk1.7.0_80\jre\lib\charsets.jar;D:\Program Files\Java\jdk1.7.0_80\jre\lib\jfr.jar;D:\Program Files\Java\jdk1.7.0_80\jre\classes"/>
    <property name="java.vendor" value="Oracle Corporation"/>
    <property name="localRepository" value="D:\maven\cangkuyilaibao\cangkuyilaibao\userlib"/>
    <property name="file.separator" value="\"/>
    <property name="java.vendor.url.bug" value="http://bugreport.sun.com/bugreport/"/>
    <property name="sun.cpu.endian" value="little"/>
    <property name="sun.io.unicode.encoding" value="UnicodeLittle"/>
    <property name="sun.desktop" value="windows"/>
    <property name="sun.cpu.isalist" value="amd64"/>
  </properties>
  <testcase time="0.009" classname="AbsTest" name="testAbs"/>
  <testcase time="0" classname="AbsTest" name="testAbs1"/>
  <testcase time="0" classname="AbsTest" name="testAbs2"/>
  <testcase time="0.002" classname="WhiteTest" name="testWhiteTest"/>
  <testcase time="0" classname="WhiteTest" name="testWhiteTest1"/>
  <testcase time="0.001" classname="WhiteTest" name="testWhiteTest2"/>
  <testcase time="0" classname="WhiteTest" name="testWhiteTest3"/>
</testsuite>