<?xml version="1.0" encoding="UTF-8"?>
<!-- Generated by org.testng.reporters.JUnitReportReporter -->
<testsuite hostname="PC201609301300" name="AbsTest" tests="3" failures="0" timestamp="2 May 2018 06:56:51 GMT" time="0.008" errors="0">
  <testcase name="testAbs1" time="0.000" classname="AbsTest"/>
  <testcase name="testAbs" time="0.008" classname="AbsTest"/>
  <testcase name="testAbs2" time="0.000" classname="AbsTest"/>
</testsuite> <!-- AbsTest -->
