<?xml version="1.0" encoding="UTF-8"?>
<!-- Generated by org.testng.reporters.JUnitReportReporter -->
<testsuite hostname="PC201609301300" name="WhiteTest" tests="4" failures="0" timestamp="2 May 2018 07:04:22 GMT" time="0.007" errors="0">
  <testcase name="testWhiteTest2" time="0.000" classname="WhiteTest"/>
  <testcase name="testWhiteTest1" time="0.001" classname="WhiteTest"/>
  <testcase name="testWhiteTest3" time="0.003" classname="WhiteTest"/>
  <testcase name="testWhiteTest" time="0.003" classname="WhiteTest"/>
</testsuite> <!-- WhiteTest -->
