<?xml version="1.0" encoding="UTF-8"?>
<!-- Generated by org.testng.reporters.JUnitReportReporter -->
<testsuite hostname="PC201609301300" name="AbsTest" tests="3" failures="0" timestamp="2 May 2018 08:13:50 GMT" time="0.022" errors="0">
  <testcase name="testAbs2" time="0.001" classname="AbsTest"/>
  <testcase name="testAbs" time="0.006" classname="AbsTest"/>
  <testcase name="testAbs1" time="0.015" classname="AbsTest"/>
</testsuite> <!-- AbsTest -->
